<?xml version="1.0" encoding="UTF-8"?>
<testsuite xmlns:xsi="http://www.w3.org/2001/XMLSchema-instance" xsi:noNamespaceSchemaLocation="https://maven.apache.org/surefire/maven-surefire-plugin/xsd/surefire-test-report-3.0.xsd" version="3.0" name="runners.TestRunner" time="0.085" tests="1" errors="1" skipped="0" failures="0">
  <properties>
[...]
</properties>
  <testcase name="initializationError" classname="runners.TestRunner" time="0.002">
    <error message="io.cucumber.gherkin.GherkinParser.parse(Ljava/lang/String;Ljava/io/InputStream;)Ljava/util/stream/Stream;" type="java.lang.NoSuchMethodError"><![CDATA[java.lang.NoSuchMethodError: io.cucumber.gherkin.GherkinParser.parse(Ljava/lang/String;Ljava/io/InputStream;)Ljava/util/stream/Stream;
]]></error>
  </testcase>
</testsuite>